<?xml version="1.0" encoding="UTF-8"?>
<!-- Generated by org.testng.reporters.JUnitReportReporter -->
<testsuite skipped="0" hostname="DESKTOP-9QSD73T" name="com.Googleforms.Webforms" tests="1" failures="0" timestamp="23 Mar 2019 18:48:12 GMT" time="71.942" errors="0">
  <testcase name="googlefourms" time="71.942" classname="com.Googleforms.Webforms"/>
</testsuite> <!-- com.Googleforms.Webforms -->
